<?xml version="1.0" encoding="UTF-8"?>
<!-- Generated by org.testng.reporters.JUnitXMLReporter -->
<testsuite ignored="0" hostname="DESKTOP-OG4BNK5" failures="0" tests="5" name="Default test" time="63.903" errors="0" timestamp="2024-05-30T15:51:46 IST">
  <testcase classname="TestCases.TC_HomePage" name="homepage_myaccount" time="5.18"/>
  <testcase classname="TestCases.TC_HomePage" name="homepage_myorders" time="5.598"/>
  <testcase classname="TestCases.TC_HomePage" name="homepage_mydownloadableproducts" time="5.916"/>
  <testcase classname="TestCases.TC_HomePage" name="homepage_Mywishlist" time="7.278"/>
  <testcase classname="TestCases.TC_HomePage" name="homepage_search" time="3.373"/>
</testsuite> <!-- Default test -->
