<?xml version="1.0" encoding="UTF-8"?>
<testng-results ignored="0" total="5" passed="5" failed="0" skipped="0">
  <reporter-output>
  </reporter-output>
  <suite started-at="2024-05-30T15:50:42 IST" name="Default suite" finished-at="2024-05-30T15:51:46 IST" duration-ms="63903">
    <groups>
    </groups>
    <test started-at="2024-05-30T15:50:42 IST" name="Default test" finished-at="2024-05-30T15:51:46 IST" duration-ms="63903">
      <class name="TestCases.TC_HomePage">
        <test-method is-config="true" signature="LaunchDriver()[pri:0, instance:TestCases.TC_HomePage@470a696f]" started-at="2024-05-30T15:50:42 IST" name="LaunchDriver" finished-at="2024-05-30T15:50:47 IST" duration-ms="4795" status="PASS">
          <reporter-output>
          </reporter-output>
        </test-method> <!-- LaunchDriver -->
        <test-method signature="homepage_myaccount()[pri:7, instance:TestCases.TC_HomePage@470a696f]" started-at="2024-05-30T15:50:47 IST" name="homepage_myaccount" finished-at="2024-05-30T15:50:52 IST" duration-ms="5180" status="PASS">
          <reporter-output>
          </reporter-output>
        </test-method> <!-- homepage_myaccount -->
        <test-method is-config="true" signature="CloseDriver()[pri:0, instance:TestCases.TC_HomePage@470a696f]" started-at="2024-05-30T15:50:52 IST" name="CloseDriver" finished-at="2024-05-30T15:50:55 IST" duration-ms="3156" status="PASS">
          <reporter-output>
          </reporter-output>
        </test-method> <!-- CloseDriver -->
        <test-method is-config="true" signature="LaunchDriver()[pri:0, instance:TestCases.TC_HomePage@470a696f]" started-at="2024-05-30T15:50:55 IST" name="LaunchDriver" finished-at="2024-05-30T15:50:59 IST" duration-ms="4241" status="PASS">
          <reporter-output>
          </reporter-output>
        </test-method> <!-- LaunchDriver -->
        <test-method signature="homepage_myorders()[pri:8, instance:TestCases.TC_HomePage@470a696f]" started-at="2024-05-30T15:50:59 IST" name="homepage_myorders" finished-at="2024-05-30T15:51:05 IST" duration-ms="5598" status="PASS">
          <reporter-output>
          </reporter-output>
        </test-method> <!-- homepage_myorders -->
        <test-method is-config="true" signature="CloseDriver()[pri:0, instance:TestCases.TC_HomePage@470a696f]" started-at="2024-05-30T15:51:05 IST" name="CloseDriver" finished-at="2024-05-30T15:51:08 IST" duration-ms="3129" status="PASS">
          <reporter-output>
          </reporter-output>
        </test-method> <!-- CloseDriver -->
        <test-method is-config="true" signature="LaunchDriver()[pri:0, instance:TestCases.TC_HomePage@470a696f]" started-at="2024-05-30T15:51:08 IST" name="LaunchDriver" finished-at="2024-05-30T15:51:12 IST" duration-ms="3857" status="PASS">
          <reporter-output>
          </reporter-output>
        </test-method> <!-- LaunchDriver -->
        <test-method signature="homepage_mydownloadableproducts()[pri:9, instance:TestCases.TC_HomePage@470a696f]" started-at="2024-05-30T15:51:12 IST" name="homepage_mydownloadableproducts" finished-at="2024-05-30T15:51:18 IST" duration-ms="5916" status="PASS">
          <reporter-output>
          </reporter-output>
        </test-method> <!-- homepage_mydownloadableproducts -->
        <test-method is-config="true" signature="CloseDriver()[pri:0, instance:TestCases.TC_HomePage@470a696f]" started-at="2024-05-30T15:51:18 IST" name="CloseDriver" finished-at="2024-05-30T15:51:21 IST" duration-ms="3138" status="PASS">
          <reporter-output>
          </reporter-output>
        </test-method> <!-- CloseDriver -->
        <test-method is-config="true" signature="LaunchDriver()[pri:0, instance:TestCases.TC_HomePage@470a696f]" started-at="2024-05-30T15:51:21 IST" name="LaunchDriver" finished-at="2024-05-30T15:51:25 IST" duration-ms="3572" status="PASS">
          <reporter-output>
          </reporter-output>
        </test-method> <!-- LaunchDriver -->
        <test-method signature="homepage_Mywishlist()[pri:10, instance:TestCases.TC_HomePage@470a696f]" started-at="2024-05-30T15:51:25 IST" name="homepage_Mywishlist" finished-at="2024-05-30T15:51:32 IST" duration-ms="7278" status="PASS">
          <reporter-output>
          </reporter-output>
        </test-method> <!-- homepage_Mywishlist -->
        <test-method is-config="true" signature="CloseDriver()[pri:0, instance:TestCases.TC_HomePage@470a696f]" started-at="2024-05-30T15:51:32 IST" name="CloseDriver" finished-at="2024-05-30T15:51:35 IST" duration-ms="3159" status="PASS">
          <reporter-output>
          </reporter-output>
        </test-method> <!-- CloseDriver -->
        <test-method is-config="true" signature="LaunchDriver()[pri:0, instance:TestCases.TC_HomePage@470a696f]" started-at="2024-05-30T15:51:35 IST" name="LaunchDriver" finished-at="2024-05-30T15:51:39 IST" duration-ms="4259" status="PASS">
          <reporter-output>
          </reporter-output>
        </test-method> <!-- LaunchDriver -->
        <test-method signature="homepage_search()[pri:11, instance:TestCases.TC_HomePage@470a696f]" started-at="2024-05-30T15:51:39 IST" name="homepage_search" finished-at="2024-05-30T15:51:43 IST" duration-ms="3373" status="PASS">
          <reporter-output>
          </reporter-output>
        </test-method> <!-- homepage_search -->
        <test-method is-config="true" signature="CloseDriver()[pri:0, instance:TestCases.TC_HomePage@470a696f]" started-at="2024-05-30T15:51:43 IST" name="CloseDriver" finished-at="2024-05-30T15:51:46 IST" duration-ms="3155" status="PASS">
          <reporter-output>
          </reporter-output>
        </test-method> <!-- CloseDriver -->
      </class> <!-- TestCases.TC_HomePage -->
    </test> <!-- Default test -->
  </suite> <!-- Default suite -->
</testng-results>
